p/1509724442437.jpg 1 0 0 42 113
p/1509724439905.jpg 1 0 0 45 120
p/1509724437786.jpg 1 0 0 50 131
p/1509724434089.jpg 1 0 0 85 165
p/1509724431715.jpg 1 0 0 82 158
p/1509724427782.jpg 1 0 0 94 78
p/1509724424879.jpg 1 0 0 113 101
p/1509724423153.jpg 1 0 0 106 85
p/1509724418655.jpg 1 0 0 71 124
p/1509724416337.jpg 1 0 0 78 129
p/1509724413894.jpg 1 0 0 74 131
p/1509724411085.jpg 1 0 0 78 125
p/1509724409165.jpg 1 0 0 86 141
p/1509724406821.jpg 1 0 0 79 135
p/1509724404989.jpg 1 0 0 79 145
p/1509724402936.jpg 1 0 0 71 134
p/1509724400510.jpg 1 0 0 80 144
p/1509724397323.jpg 1 0 0 103 71
p/1509724395109.jpg 1 0 0 59 110
p/1509724393049.jpg 1 0 0 117 108
p/1509724391145.jpg 1 0 0 63 112
p/1509724388664.jpg 1 0 0 110 81
p/1509724384748.jpg 1 0 0 59 105
p/1509724382356.jpg 1 0 0 57 107
p/1509724380555.jpg 1 0 0 57 110
p/1509724378717.jpg 1 0 0 55 119
p/1509724376588.jpg 1 0 0 77 140
p/1509724374520.jpg 1 0 0 83 114
p/1509724372602.jpg 1 0 0 81 109
p/1509724370446.jpg 1 0 0 82 107
p/1509724366785.jpg 1 0 0 112 111
p/1509724364458.jpg 1 0 0 102 99
p/1509724361965.jpg 1 0 0 115 119
p/1509724359866.jpg 1 0 0 116 124
p/1509724357775.jpg 1 0 0 115 119
p/1509724355791.jpg 1 0 0 112 109
p/1509724353688.jpg 1 0 0 106 117
p/1509724351789.jpg 1 0 0 104 110
p/1509724347706.jpg 1 0 0 119 152
p/1509724345327.jpg 1 0 0 117 144
p/1509724343416.jpg 1 0 0 105 139
p/1509724338211.jpg 1 0 0 58 71
p/1509724335937.jpg 1 0 0 56 57
p/1509724333105.jpg 1 0 0 54 60
p/1509724330581.jpg 1 0 0 54 64
p/1509724326636.jpg 1 0 0 92 113
p/1509724322047.jpg 1 0 0 107 191
p/1509724320305.jpg 1 0 0 115 190
p/1509724317833.jpg 1 0 0 117 207
p/1509724311337.jpg 1 0 0 62 56
p/1509724309460.jpg 1 0 0 66 60
p/1509724307372.jpg 1 0 0 65 83
p/1509724304994.jpg 1 0 0 45 85
p/1509724302557.jpg 1 0 0 55 85
p/1509724296881.jpg 1 0 0 86 126
p/1509724290781.jpg 1 0 0 72 89
p/1509724287415.jpg 1 0 0 64 89
p/1509724272890.jpg 1 0 0 91 105
p/1509724267140.jpg 1 0 0 102 86
p/1509724265381.jpg 1 0 0 102 88
p/1509724263084.jpg 1 0 0 89 80
p/1509724261267.jpg 1 0 0 96 84
p/1509724258239.jpg 1 0 0 110 95
p/1509724256354.jpg 1 0 0 107 85
p/1509724253636.jpg 1 0 0 90 91
p/1509724251996.jpg 1 0 0 98 88
p/1509724246454.jpg 1 0 0 57 31
p/1509724244296.jpg 1 0 0 58 25
p/1509724239751.jpg 1 0 0 57 111
p/1509724229381.jpg 1 0 0 83 150
p/1509724221177.jpg 1 0 0 73 104
p/1509724215458.jpg 1 0 0 61 103
p/1509724213853.jpg 1 0 0 61 103
p/1509724210894.jpg 1 0 0 64 101
p/1509724205664.jpg 1 0 0 139 139
p/1509724199336.jpg 1 0 0 113 94
p/1509724196716.jpg 1 0 0 78 107
p/1509724194574.jpg 1 0 0 59 100
p/1509724192004.jpg 1 0 0 35 104
p/1509724189600.jpg 1 0 0 57 103
p/1509724187905.jpg 1 0 0 56 88
p/1509724186206.jpg 1 0 0 61 87
p/1509724184347.jpg 1 0 0 60 93
p/1509724182512.jpg 1 0 0 60 88
p/1509724170635.jpg 1 0 0 114 162
p/1509724164494.jpg 1 0 0 122 147
p/1509724162790.jpg 1 0 0 120 151
p/1509724160850.jpg 1 0 0 113 141
p/1509724158683.jpg 1 0 0 118 136
p/1509724156478.jpg 1 0 0 109 130
p/1509724152953.jpg 1 0 0 135 66
p/1509724149718.jpg 1 0 0 157 88
p/1509724147230.jpg 1 0 0 84 82
p/1509724144678.jpg 1 0 0 80 84
p/1509724141647.jpg 1 0 0 137 72
p/1509724137853.jpg 1 0 0 151 80
p/1509724130506.jpg 1 0 0 140 64
p/1509724125656.jpg 1 0 0 67 102
p/1509724123035.jpg 1 0 0 64 111
p/1509724120130.jpg 1 0 0 71 89
p/1509724116858.jpg 1 0 0 61 74
p/1509724114788.jpg 1 0 0 68 86
p/1509724112700.jpg 1 0 0 63 79
p/1509724110714.jpg 1 0 0 53 82
p/1509724101965.jpg 1 0 0 55 58
p/1509724099971.jpg 1 0 0 69 76
p/1509724095656.jpg 1 0 0 72 71
p/1509724093649.jpg 1 0 0 64 61
p/1509724091744.jpg 1 0 0 74 72
p/1509724088434.jpg 1 0 0 69 63
p/1509724085840.jpg 1 0 0 64 61
p/1509724082828.jpg 1 0 0 63 67
p/1509724080320.jpg 1 0 0 69 67
p/1509724077729.jpg 1 0 0 70 70
p/1509724072846.jpg 1 0 0 68 69
p/1509724066472.jpg 1 0 0 60 89
p/1509724063285.jpg 1 0 0 60 83
p/1509724060345.jpg 1 0 0 52 78
p/1509724057074.jpg 1 0 0 69 84
p/1509724055222.jpg 1 0 0 76 92
p/1509724053399.jpg 1 0 0 79 91
p/1509724051273.jpg 1 0 0 54 82
p/1509724049387.jpg 1 0 0 51 65
p/1509724042653.jpg 1 0 0 77 99
p/1509724040302.jpg 1 0 0 80 126
p/1509724037158.jpg 1 0 0 75 121
p/ASFB.JPG 1 0 0 132 91
p/1508949134966.jpg 1 0 0 89 103
p/1508949132937.jpg 1 0 0 82 113
p/1508949131249.jpg 1 0 0 93 110
p/1508949129249.jpg 1 0 0 103 99
p/1508949127055.jpg 1 0 0 120 116
p/1508949118242.jpg 1 0 0 76 70
p/1508949116311.jpg 1 0 0 57 77
p/1508949113185.jpg 1 0 0 60 79
p/1508949102469.jpg 1 0 0 76 83
p/1508949093677.jpg 1 0 0 92 89
p/1508949091800.jpg 1 0 0 82 92
p/1508949087439.jpg 1 0 0 89 122
p/1508949077090.jpg 1 0 0 103 126
p/1508949069652.jpg 1 0 0 64 245
p/1508946663281.jpg 1 0 0 162 163
p/1508946661221.jpg 1 0 0 189 152
p/1508946658362.jpg 1 0 0 139 163
p/1508946656402.jpg 1 0 0 132 159
p/1508946654789.jpg 1 0 0 77 142
p/1508946650292.jpg 1 0 0 178 182
p/1508946645797.jpg 1 0 0 130 85
p/1508946643762.jpg 1 0 0 140 77
p/1508946642098.jpg 1 0 0 120 83
p/1508946631252.jpg 1 0 0 176 113
p/1508946627544.jpg 1 0 0 90 179
p/1508946622626.jpg 1 0 0 163 125
p/1508946620030.jpg 1 0 0 148 130
p/1508946617908.jpg 1 0 0 143 109
p/1508946615140.jpg 1 0 0 155 163
p/1508946613692.jpg 1 0 0 178 215
p/1508946610824.jpg 1 0 0 105 83
p/1508946608428.jpg 1 0 0 46 69
p/1508946606495.jpg 1 0 0 42 73
p/1508946604429.jpg 1 0 0 43 77
p/1508946601572.jpg 1 0 0 44 79
p/1508946597003.jpg 1 0 0 116 89
p/1508946592272.jpg 1 0 0 54 89
p/1508946590160.jpg 1 0 0 44 76
p/1508946586082.jpg 1 0 0 128 163
p/1508946583434.jpg 1 0 0 140 171
p/1508945648380.jpg 1 0 0 87 120
p/1508945645664.jpg 1 0 0 67 112
p/1508945642959.jpg 1 0 0 57 118
p/1508945640839.jpg 1 0 0 66 103
p/1508945638813.jpg 1 0 0 67 119
p/1508945637147.jpg 1 0 0 67 139
p/1508945634816.jpg 1 0 0 80 139
p/1508945632786.jpg 1 0 0 59 142
p/1508945626059.jpg 1 0 0 75 119
p/1508945624541.jpg 1 0 0 62 115
p/1508945622538.jpg 1 0 0 44 86
p/1508945620754.jpg 1 0 0 57 83
p/1508945618900.jpg 1 0 0 76 90
p/1508945617428.jpg 1 0 0 73 89
p/1508945614161.jpg 1 0 0 86 86
p/1508945611966.jpg 1 0 0 87 96
p/1508945609843.jpg 1 0 0 82 96
p/1508945607142.jpg 1 0 0 110 116
p/1508945605236.jpg 1 0 0 126 123
p/1508945603339.jpg 1 0 0 109 123
p/1508945600374.jpg 1 0 0 66 105
p/1508945598640.jpg 1 0 0 60 76
p/1508945596767.jpg 1 0 0 63 77
p/1508945594641.jpg 1 0 0 62 89
p/1508945592215.jpg 1 0 0 73 96
p/1508945590285.jpg 1 0 0 73 106
p/1508945586934.jpg 1 0 0 62 64
p/1508945584692.jpg 1 0 0 83 93
p/1508945580713.jpg 1 0 0 52 118
p/1508945578627.jpg 1 0 0 54 130
p/1508945576569.jpg 1 0 0 72 120
p/1508945574999.jpg 1 0 0 79 116
p/1508945572785.jpg 1 0 0 130 123
p/1508945570635.jpg 1 0 0 85 62
p/1508945567652.jpg 1 0 0 63 86
p/1508945565677.jpg 1 0 0 109 86
p/1508945562092.jpg 1 0 0 72 79
p/1508945560841.jpg 1 0 0 64 85
p/1508945559095.jpg 1 0 0 77 106
p/1508945557269.jpg 1 0 0 86 97
p/1508945553614.jpg 1 0 0 85 118
p/1508945551118.jpg 1 0 0 99 123
p/1508945544716.jpg 1 0 0 70 140
p/1508945542178.jpg 1 0 0 66 138
p/1508945539180.jpg 1 0 0 70 140
p/1508945537249.jpg 1 0 0 66 146
p/1508945533530.jpg 1 0 0 50 66
p/1508945532013.jpg 1 0 0 56 64
p/1508945530443.jpg 1 0 0 44 64
p/1508945528492.jpg 1 0 0 56 57
p/1508945526315.jpg 1 0 0 72 99
p/1508945524615.jpg 1 0 0 59 79
p/1508945522158.jpg 1 0 0 46 72
p/1508945520159.jpg 1 0 0 46 77
p/1508945518327.jpg 1 0 0 44 82
p/1508945509362.jpg 1 0 0 92 169
p/1508945507135.jpg 1 0 0 159 183
p/1508945502761.jpg 1 0 0 89 214
p/1508945497221.jpg 1 0 0 97 214
p/1508945481790.jpg 1 0 0 69 118
p/1508945461047.jpg 1 0 0 56 90
p/1508945444321.jpg 1 0 0 130 230
p/1508945440275.jpg 1 0 0 134 240
p/1508945437560.jpg 1 0 0 127 237
p/1508945429691.jpg 1 0 0 110 220
p/1508945426724.jpg 1 0 0 94 220
p/1508945423189.jpg 1 0 0 166 202
p/1508943527053.jpg 1 0 0 72 108
p/1508943523471.jpg 1 0 0 72 103
p/1508943509649.jpg 1 0 0 62 118
p/1508943501715.jpg 1 0 0 250 228
p/1508943497642.jpg 1 0 0 197 137
p/1508943495016.jpg 1 0 0 220 161
p/1508943487271.jpg 1 0 0 108 82
p/1508943484225.jpg 1 0 0 151 216
p/1508943480716.jpg 1 0 0 62 74
p/1508943478633.jpg 1 0 0 69 81
p/1508943475939.jpg 1 0 0 72 75
p/1508943474186.jpg 1 0 0 81 79
p/1508943472392.jpg 1 0 0 75 84
p/1508943469203.jpg 1 0 0 70 118
p/1508943466891.jpg 1 0 0 62 84
p/1508943464277.jpg 1 0 0 74 120
p/1508943456964.jpg 1 0 0 77 165
p/1508943453264.jpg 1 0 0 103 146
p/1508943451036.jpg 1 0 0 99 144
p/1508943448796.jpg 1 0 0 94 142
p/1508943447449.jpg 1 0 0 130 196
p/1508943445248.jpg 1 0 0 113 218
p/1508943443323.jpg 1 0 0 120 206
p/1508943439815.jpg 1 0 0 79 141
p/1508943437531.jpg 1 0 0 70 156
p/1508943434695.jpg 1 0 0 117 134
p/1508943432398.jpg 1 0 0 81 153
p/1508943427735.jpg 1 0 0 87 151
p/1508943423803.jpg 1 0 0 111 113
p/1508943421266.jpg 1 0 0 91 94
p/1508943411190.jpg 1 0 0 67 105
p/1508943409241.jpg 1 0 0 67 98
p/1508943394705.jpg 1 0 0 79 141
p/1508943391883.jpg 1 0 0 130 197
p/1508943387640.jpg 1 0 0 180 216
p/1508943385986.jpg 1 0 0 144 196
p/1508943381442.jpg 1 0 0 127 108
p/1508943376221.jpg 1 0 0 96 96
p/1508943370446.jpg 1 0 0 96 118
p/1508943368074.jpg 1 0 0 101 154
p/1508943363198.jpg 1 0 0 63 118
p/1508943360921.jpg 1 0 0 67 134
p/1508943357486.jpg 1 0 0 156 124
p/1508943354891.jpg 1 0 0 187 146
p/1508943350494.jpg 1 0 0 125 148
p/1508943347184.jpg 1 0 0 98 151
p/1508943338537.jpg 1 0 0 103 153
p/1508943335187.jpg 1 0 0 204 161
p/1508943327551.jpg 1 0 0 91 146
p/1508943306363.jpg 1 0 0 151 153
p/1508943304665.jpg 1 0 0 127 146
p/1508943303096.jpg 1 0 0 117 139
p/1508943291961.jpg 1 0 0 132 158
p/1508943289420.jpg 1 0 0 189 172
p/1508943281193.jpg 1 0 0 96 165
p/1508943271444.jpg 1 0 0 94 141
p/1508943269424.jpg 1 0 0 106 160
p/1508943265616.jpg 1 0 0 91 151
p/1508943263020.jpg 1 0 0 96 158
p/1508943257960.jpg 1 0 0 98 189
p/1508930304252.jpg 1 0 0 77 103
p/1508930302038.jpg 1 0 0 63 87
p/1508930300313.jpg 1 0 0 53 91
p/1508930298613.jpg 1 0 0 67 89
p/1508930296795.jpg 1 0 0 74 106
p/1508930295077.jpg 1 0 0 81 111
p/1508930280007.jpg 1 0 0 117 89
p/1508930278012.jpg 1 0 0 148 153
p/1508930274772.jpg 1 0 0 105 141
p/1508930270960.jpg 1 0 0 137 125
p/1508930255104.jpg 1 0 0 115 123
p/1508930242292.jpg 1 0 0 239 235
p/1508930231885.jpg 1 0 0 138 183
p/1508930227337.jpg 1 0 0 56 81
p/1508930225519.jpg 1 0 0 55 87
p/1508930223789.jpg 1 0 0 135 86
p/1508930221801.jpg 1 0 0 68 74
p/1508930219634.jpg 1 0 0 72 84
p/1508930216522.jpg 1 0 0 84 92
p/1508930214487.jpg 1 0 0 92 98
p/1508930211665.jpg 1 0 0 63 117
p/1508930209935.jpg 1 0 0 44 129
p/1508930207595.jpg 1 0 0 50 130
p/1508930205521.jpg 1 0 0 57 119
p/1508930203474.jpg 1 0 0 54 103
p/1508930201592.jpg 1 0 0 47 120
p/1508930196651.jpg 1 0 0 49 101
p/1508930194119.jpg 1 0 0 63 97
p/1508930191085.jpg 1 0 0 57 85
p/1508930188448.jpg 1 0 0 59 84
p/1508930181014.jpg 1 0 0 126 156
p/1508930177982.jpg 1 0 0 109 156
p/1508930173727.jpg 1 0 0 96 138
p/1508930161196.jpg 1 0 0 66 117
p/1508930158964.jpg 1 0 0 69 145
p/1508930156970.jpg 1 0 0 69 128
p/1508930154761.jpg 1 0 0 87 71
p/1508930152713.jpg 1 0 0 95 97
p/1508930150283.jpg 1 0 0 41 86
p/1508930148760.jpg 1 0 0 80 72
p/1508930144309.jpg 1 0 0 42 62
p/1508930139273.jpg 1 0 0 41 73
p/1508930137342.jpg 1 0 0 36 62
p/1508930129749.jpg 1 0 0 74 91
p/1508930126457.jpg 1 0 0 73 85
p/1508930124869.jpg 1 0 0 62 80
p/1508930123087.jpg 1 0 0 104 79
p/1508930121434.jpg 1 0 0 117 90
p/1508930119465.jpg 1 0 0 128 102
p/1508930115891.jpg 1 0 0 63 142
p/1508930114106.jpg 1 0 0 65 56
p/1508930112022.jpg 1 0 0 72 134
p/1508930109917.jpg 1 0 0 62 128
p/1508930108209.jpg 1 0 0 54 123
p/1508930106694.jpg 1 0 0 59 116
p/1508930104021.jpg 1 0 0 55 122
p/1508930096595.jpg 1 0 0 50 57
p/1508930094912.jpg 1 0 0 48 61
p/1508930092924.jpg 1 0 0 56 59
p/1508930090675.jpg 1 0 0 45 60
p/1508930089051.jpg 1 0 0 54 96
p/1508930087762.jpg 1 0 0 48 89
p/1508930085845.jpg 1 0 0 49 91
p/1508930081820.jpg 1 0 0 51 95
p/1508930080035.jpg 1 0 0 37 95
p/1508930072997.jpg 1 0 0 165 154
p/1508930070124.jpg 1 0 0 157 175
p/1508930067615.jpg 1 0 0 156 160
p/1508930065405.jpg 1 0 0 162 159
p/1508930063214.jpg 1 0 0 164 172
p/1508930060951.jpg 1 0 0 162 175
p/1508930035824.jpg 1 0 0 164 160
p/1508930034122.jpg 1 0 0 192 166
p/1508930029650.jpg 1 0 0 228 161
p/1508930018501.jpg 1 0 0 177 114
p/1508930016159.jpg 1 0 0 152 108
p/1508930010295.jpg 1 0 0 160 83
p/1508930007532.jpg 1 0 0 129 88
p/1508930005370.jpg 1 0 0 119 89
p/1508930002766.jpg 1 0 0 116 58
p/1508930001114.jpg 1 0 0 112 65
p/1508929999211.jpg 1 0 0 103 62
p/1508929996302.jpg 1 0 0 121 92
p/1508929990659.jpg 1 0 0 130 81
p/1508929983997.jpg 1 0 0 84 59
p/1508929981896.jpg 1 0 0 84 44
p/1508929979936.jpg 1 0 0 84 44
p/1508929977924.jpg 1 0 0 106 76
p/1508929975202.jpg 1 0 0 104 69
p/1508929972873.jpg 1 0 0 98 56
p/1508929971430.jpg 1 0 0 96 59
p/1508929966359.jpg 1 0 0 39 78
p/1508929964753.jpg 1 0 0 38 72
p/1508929963263.jpg 1 0 0 39 83
p/1508929961209.jpg 1 0 0 54 89
p/1508929959454.jpg 1 0 0 52 81
p/1508929956516.jpg 1 0 0 59 83
p/1508929954543.jpg 1 0 0 68 86
p/1508929951536.jpg 1 0 0 55 85
p/1508929949026.jpg 1 0 0 60 80
p/1508929947005.jpg 1 0 0 59 84
p/1508929945036.jpg 1 0 0 56 83
p/1508929939722.jpg 1 0 0 53 71
p/1508929937526.jpg 1 0 0 53 74
p/1508929935467.jpg 1 0 0 47 72
p/1508929933611.jpg 1 0 0 42 71
p/1508929931193.jpg 1 0 0 33 62
p/1508929929233.jpg 1 0 0 32 61
p/1508929927626.jpg 1 0 0 41 57
p/1508929925867.jpg 1 0 0 44 62
p/1508929923972.jpg 1 0 0 47 61
p/1508929921661.jpg 1 0 0 41 46
p/1508929918735.jpg 1 0 0 44 52
p/1508929915103.jpg 1 0 0 48 60
p/1508929913257.jpg 1 0 0 38 73
p/1508929911626.jpg 1 0 0 53 76
p/1508929910280.jpg 1 0 0 48 71
p/1508929908368.jpg 1 0 0 51 63
p/1508929905765.jpg 1 0 0 32 61
p/1508929903746.jpg 1 0 0 39 54
p/1508929901582.jpg 1 0 0 44 56
p/1508929883006.jpg 1 0 0 46 52
p/1508929879609.jpg 1 0 0 56 53
p/1508929877715.jpg 1 0 0 47 50
p/1508929875784.jpg 1 0 0 44 52
p/1508929873048.jpg 1 0 0 43 48
p/1508929870883.jpg 1 0 0 39 46
p/1508929868728.jpg 1 0 0 41 48
p/1508929867087.jpg 1 0 0 46 47
p/1508929865179.jpg 1 0 0 45 46
p/1508929862977.jpg 1 0 0 51 55
p/1508929860820.jpg 1 0 0 40 47
p/1508929858714.jpg 1 0 0 37 41
p/1508929854653.jpg 1 0 0 53 66
p/1508929851956.jpg 1 0 0 43 65
p/1508929849531.jpg 1 0 0 62 60
p/1508929848027.jpg 1 0 0 73 115
p/1508929844402.jpg 1 0 0 53 114
p/1508929842857.jpg 1 0 0 69 105
p/1508929840816.jpg 1 0 0 71 109
p/1508929838204.jpg 1 0 0 66 84
p/1508929836584.jpg 1 0 0 49 79
p/1508929834567.jpg 1 0 0 50 76
p/1508929832880.jpg 1 0 0 43 85
p/1508929831550.jpg 1 0 0 51 78
p/1508929827832.jpg 1 0 0 142 65
p/1508929825996.jpg 1 0 0 119 55
p/1508929824352.jpg 1 0 0 131 68
p/1508929821269.jpg 1 0 0 69 113
p/1508929819709.jpg 1 0 0 72 89
p/1508929818084.jpg 1 0 0 66 83
p/1508929816191.jpg 1 0 0 122 66
p/1508929810765.jpg 1 0 0 122 96
p/1508929804778.jpg 1 0 0 97 66
p/1508929802579.jpg 1 0 0 71 89
p/1508929800758.jpg 1 0 0 108 83
p/1508929799183.jpg 1 0 0 101 77
p/1508929797255.jpg 1 0 0 94 93
p/1508929795532.jpg 1 0 0 96 87
p/1508929794137.jpg 1 0 0 60 57
p/1508929792708.jpg 1 0 0 77 61
p/1508929789901.jpg 1 0 0 61 118
p/1508929788139.jpg 1 0 0 58 99
p/1508929786549.jpg 1 0 0 57 107
p/1508929784093.jpg 1 0 0 31 109
p/1508929782097.jpg 1 0 0 31 106
p/1508929780407.jpg 1 0 0 34 133
p/1508929778291.jpg 1 0 0 68 110
p/1508929775781.jpg 1 0 0 62 127
p/1508929772850.jpg 1 0 0 59 132
p/1508929770794.jpg 1 0 0 64 98
p/1508929768829.jpg 1 0 0 63 103
p/1508929765568.jpg 1 0 0 197 47
p/1508929762165.jpg 1 0 0 156 86
p/1508929760128.jpg 1 0 0 149 61
p/1508929758215.jpg 1 0 0 135 58
p/1508929755059.jpg 1 0 0 149 58
p/1508929753487.jpg 1 0 0 140 56
p/1508929750915.jpg 1 0 0 270 58
p/1508929748409.jpg 1 0 0 216 61
p/1508929744963.jpg 1 0 0 265 77
p/1508929742120.jpg 1 0 0 152 74
p/1508929740435.jpg 1 0 0 221 69
p/1508929729696.jpg 1 0 0 42 79
p/1508929728079.jpg 1 0 0 24 90
p/1508929726445.jpg 1 0 0 34 96
p/1508929722984.jpg 1 0 0 31 87
p/1508929721360.jpg 1 0 0 29 81
p/1508929719528.jpg 1 0 0 32 85
p/1508929717057.jpg 1 0 0 44 77
p/1508929714947.jpg 1 0 0 42 77
p/1508929710422.jpg 1 0 0 72 65
p/1508929707418.jpg 1 0 0 58 49
p/1508929705214.jpg 1 0 0 45 44
p/1508929702911.jpg 1 0 0 57 54
p/1508929700211.jpg 1 0 0 66 75
p/1508929698115.jpg 1 0 0 83 95
p/1508929696269.jpg 1 0 0 66 98
p/1508929694781.jpg 1 0 0 67 99
p/1508929692529.jpg 1 0 0 62 77
p/1508929690759.jpg 1 0 0 59 80
p/1508929687869.jpg 1 0 0 41 97
p/1508929684913.jpg 1 0 0 47 96
p/1508929682013.jpg 1 0 0 57 98
p/1508929679750.jpg 1 0 0 58 103
p/1508929677814.jpg 1 0 0 58 129
p/1508929675465.jpg 1 0 0 51 119
p/1508929672942.jpg 1 0 0 61 120
p/1508929671333.jpg 1 0 0 75 120
p/1508929669223.jpg 1 0 0 54 81
p/1508929667926.jpg 1 0 0 44 101
p/1508929664292.jpg 1 0 0 63 60
p/1508929662229.jpg 1 0 0 65 90
p/1508929660960.jpg 1 0 0 70 87
p/1508929657698.jpg 1 0 0 57 85
p/1508929655564.jpg 1 0 0 51 60
p/1508929653270.jpg 1 0 0 52 59
p/1508929648077.jpg 1 0 0 39 61
p/1508929645898.jpg 1 0 0 33 55
p/1508929644231.jpg 1 0 0 49 60
p/1508929641908.jpg 1 0 0 47 68
p/1508929639562.jpg 1 0 0 50 94
p/1508929637910.jpg 1 0 0 50 83
p/1508929635838.jpg 1 0 0 44 83
p/1508929633401.jpg 1 0 0 36 93
p/1508929602437.jpg 1 0 0 54 104
p/1508929600835.jpg 1 0 0 47 89
p/1508929599318.jpg 1 0 0 39 69
p/1508929596962.jpg 1 0 0 52 88
p/1508929594643.jpg 1 0 0 61 101
p/1508929592428.jpg 1 0 0 48 106
p/1508929590023.jpg 1 0 0 42 90
p/1508929587168.jpg 1 0 0 42 68